-------------------------------------------------------------------------------
Test set: Search and Place the order for Products
-------------------------------------------------------------------------------
Tests run: 2, Failures: 1, Errors: 0, Skipped: 0, Time elapsed: 47.512 s <<< FAILURE! - in Search and Place the order for Products
Search and Place the order for Products.: Seearch Exprience for the product search in both home and offes page #2  Time elapsed: 9.11 s  <<< FAILURE!
org.junit.ComparisonFailure: expected:<[No data]> but was:<[Beetroot]>

